<?xml version="1.0" encoding="utf-8"?><testsuites name="pytest tests"><testsuite name="pytest" errors="0" failures="0" skipped="0" tests="60" time="13.053" timestamp="2026-08-13T13:37:39.035086+00:00" hostname="agent-env-46ea6a0e-1a75-4819-95fa-20f0bf3a2f8d"><testcase classname="tests.backend_test.TestCatalog" name="test_categories" time="0.531" /><testcase classname="tests.backend_test.TestAdmin" name="test_stats" time="0.632" /><testcase classname="tests.backend_test.TestCatalog" name="test_products_list" time="0.072" /><testcase classname="tests.backend_test.TestCatalog" name="test_products_filter_and_sort" time="0.079" /><testcase classname="tests.backend_test.TestCatalog" name="test_products_search" time="0.290" /><testcase classname="tests.backend_test.TestCatalog" name="test_product_detail" time="0.189" /><testcase classname="tests.backend_test.TestAdmin" name="test_admin_customer_forbidden" time="0.473" /><testcase classname="tests.backend_test.TestAdmin" name="test_admin_unauthenticated" time="0.437" /><testcase classname="tests.backend_test.TestCatalog" name="test_product_detail_404" time="0.070" /><testcase classname="tests.backend_test.TestCatalog" name="test_featured_reviews" time="0.074" /><testcase classname="tests.backend_test.TestCatalog" name="test_settings" time="0.072" /><testcase classname="tests.backend_test.TestCatalog" name="test_newsletter_ok" time="0.068" /><testcase classname="tests.backend_test.TestCatalog" name="test_newsletter_bad_email" time="0.116" /><testcase classname="tests.backend_test.TestAdmin" name="test_product_crud" time="0.649" /><testcase classname="tests.backend_test.TestCatalog" name="test_pincode_valid" time="0.110" /><testcase classname="tests.backend_test.TestCatalog" name="test_pincode_invalid" time="0.181" /><testcase classname="tests.backend_test.TestJwtAuth" name="test_admin_login_and_me" time="0.529" /><testcase classname="tests.backend_test.TestAdmin" name="test_coupon_create" time="0.241" /><testcase classname="tests.backend_test.TestAdmin" name="test_settings_update" time="0.066" /><testcase classname="tests.backend_test.TestAdmin" name="test_gst_report" time="0.238" /><testcase classname="tests.backend_test.TestAdmin" name="test_admin_customers_no_objectid" time="0.075" /><testcase classname="tests.backend_test.TestJwtAuth" name="test_customer_login_and_me" time="0.474" /><testcase classname="tests.backend_test.TestGoogleSession" name="test_session_exchange_invalid" time="0.260" /><testcase classname="tests.backend_test.TestJwtAuth" name="test_login_bad_credentials" time="0.464" /><testcase classname="tests.backend_test.TestGoogleSession" name="test_session_exchange_missing" time="0.248" /><testcase classname="tests.backend_test.TestJwtAuth" name="test_register_new" time="0.588" /><testcase classname="tests.backend_test.TestGoogleSession" name="test_seeded_session_cookie_auth" time="0.721" /><testcase classname="tests.backend_test.TestJwtAuth" name="test_register_duplicate_email" time="0.152" /><testcase classname="tests.backend_test.TestGoogleSession" name="test_seeded_session_bearer_auth" time="0.127" /><testcase classname="tests.backend_test.TestJwtAuth" name="test_me_unauthenticated" time="0.097" /><testcase classname="tests.backend_test.TestGoogleSession" name="test_protected_route_with_session" time="0.497" /><testcase classname="tests.test_cancellation.TestCustomerCancel" name="test_cancel_confirmed_order" time="0.653" /><testcase classname="tests.backend_test.TestGoogleSession" name="test_logout_deletes_session" time="0.216" /><testcase classname="tests.backend_test.TestCart" name="test_quote_basic" time="0.411" /><testcase classname="tests.test_cancellation.TestCustomerCancel" name="test_cancel_packed_order" time="0.718" /><testcase classname="tests.backend_test.TestCart" name="test_quote_cod_fee" time="0.111" /><testcase classname="tests.backend_test.TestCart" name="test_quote_welcome10" time="0.164" /><testcase classname="tests.test_cancellation.TestCustomerCancel" name="test_cancel_shipped_blocked" time="0.522" /><testcase classname="tests.backend_test.TestCart" name="test_quote_invalid_coupon" time="0.126" /><testcase classname="tests.test_cancellation.TestCustomerCancel" name="test_cancel_delivered_blocked" time="0.313" /><testcase classname="tests.test_payments.TestRazorpayDisabled" name="test_create_order_returns_503" time="0.555" /><testcase classname="tests.test_payments.TestRazorpayDisabled" name="test_verify_requires_auth" time="0.114" /><testcase classname="tests.test_cancellation.TestCustomerCancel" name="test_double_cancel_returns_400" time="0.333" /><testcase classname="tests.test_payments.TestRazorpayDisabled" name="test_verify_authed_returns_503" time="0.070" /><testcase classname="tests.test_payments.TestRazorpayDisabled" name="test_webhook_returns_503" time="0.106" /><testcase classname="tests.test_cancellation.TestAuthorization" name="test_unauth_cancel_401" time="0.189" /><testcase classname="tests.test_payments.TestAwaitingPaymentHidden" name="test_hidden_from_customer_orders" time="0.740" /><testcase classname="tests.test_cancellation.TestAuthorization" name="test_cross_customer_cancel_404" time="0.900" /><testcase classname="tests.test_payments.TestAwaitingPaymentHidden" name="test_hidden_from_admin_stats_revenue" time="0.908" /><testcase classname="tests.test_cancellation.TestAuthorization" name="test_admin_can_cancel_any" time="0.266" /><testcase classname="tests.backend_test.TestOrders" name="test_create_order_cod_and_admin_status" time="0.489" /><testcase classname="tests.test_payments.TestAwaitingPaymentHidden" name="test_hidden_from_gst_report" time="0.484" /><testcase classname="tests.backend_test.TestOrders" name="test_create_order_unauthenticated" time="0.129" /><testcase classname="tests.test_payments.TestOrdersCodOnly" name="test_orders_online_rejected" time="0.662" /><testcase classname="tests.test_payments.TestOrdersCodOnly" name="test_orders_cod_still_works" time="0.265" /><testcase classname="tests.backend_test.TestWishlist" name="test_toggle_and_list" time="0.238" /><testcase classname="tests.test_cancellation.TestStockRestoration" name="test_stock_restored_on_cancel" time="1.604" /><testcase classname="tests.test_payments.TestPaymentConfig" name="test_config_when_keys_empty" time="0.142" /><testcase classname="tests.test_cancellation.TestStockRestoration" name="test_adjust_stock_clamps_at_zero" time="1.426" /><testcase classname="tests.test_cancellation.TestRefundMarking" name="test_paid_order_marked_refund_pending" time="0.803" /></testsuite></testsuites>