<?xml version="1.0" encoding="utf-8"?><testsuites name="pytest tests"><testsuite name="pytest" errors="0" failures="1" skipped="0" tests="60" time="12.807" timestamp="2026-08-13T13:12:51.263469+00:00" hostname="agent-env-46ea6a0e-1a75-4819-95fa-20f0bf3a2f8d"><testcase classname="tests.backend_test.TestCatalog" name="test_categories" time="0.155" /><testcase classname="tests.backend_test.TestCatalog" name="test_products_list" time="0.262" /><testcase classname="tests.backend_test.TestCatalog" name="test_products_filter_and_sort" time="0.057" /><testcase classname="tests.backend_test.TestAdmin" name="test_stats" time="0.533" /><testcase classname="tests.backend_test.TestCatalog" name="test_products_search" time="0.070" /><testcase classname="tests.backend_test.TestCatalog" name="test_product_detail" time="0.325" /><testcase classname="tests.backend_test.TestAdmin" name="test_admin_customer_forbidden" time="0.467" /><testcase classname="tests.backend_test.TestCatalog" name="test_product_detail_404" time="0.099" /><testcase classname="tests.backend_test.TestCatalog" name="test_featured_reviews" time="0.068" /><testcase classname="tests.backend_test.TestAdmin" name="test_admin_unauthenticated" time="0.107" /><testcase classname="tests.backend_test.TestCatalog" name="test_settings" time="0.073" /><testcase classname="tests.backend_test.TestAdmin" name="test_product_crud" time="0.721" /><testcase classname="tests.backend_test.TestCatalog" name="test_newsletter_ok" time="0.057" /><testcase classname="tests.backend_test.TestCatalog" name="test_newsletter_bad_email" time="0.097" /><testcase classname="tests.backend_test.TestCatalog" name="test_pincode_valid" time="0.106" /><testcase classname="tests.backend_test.TestCatalog" name="test_pincode_invalid" time="0.120" /><testcase classname="tests.backend_test.TestAdmin" name="test_coupon_create" time="0.281" /><testcase classname="tests.backend_test.TestJwtAuth" name="test_admin_login_and_me" time="0.536" /><testcase classname="tests.backend_test.TestAdmin" name="test_settings_update" time="0.243" /><testcase classname="tests.backend_test.TestAdmin" name="test_gst_report" time="0.051" /><testcase classname="tests.backend_test.TestJwtAuth" name="test_customer_login_and_me" time="0.451" /><testcase classname="tests.backend_test.TestAdmin" name="test_admin_customers_no_objectid" time="0.132" /><testcase classname="tests.backend_test.TestJwtAuth" name="test_login_bad_credentials" time="0.326" /><testcase classname="tests.backend_test.TestGoogleSession" name="test_session_exchange_invalid" time="0.392" /><testcase classname="tests.backend_test.TestJwtAuth" name="test_register_new" time="0.401" /><testcase classname="tests.backend_test.TestGoogleSession" name="test_session_exchange_missing" time="0.232" /><testcase classname="tests.backend_test.TestJwtAuth" name="test_register_duplicate_email" time="0.137" /><testcase classname="tests.backend_test.TestJwtAuth" name="test_me_unauthenticated" time="0.121" /><testcase classname="tests.backend_test.TestGoogleSession" name="test_seeded_session_cookie_auth" time="0.729" /><testcase classname="tests.backend_test.TestGoogleSession" name="test_seeded_session_bearer_auth" time="0.114" /><testcase classname="tests.test_cancellation.TestCustomerCancel" name="test_cancel_confirmed_order" time="0.686" /><testcase classname="tests.backend_test.TestGoogleSession" name="test_protected_route_with_session" time="0.262" /><testcase classname="tests.backend_test.TestGoogleSession" name="test_logout_deletes_session" time="0.366" /><testcase classname="tests.test_cancellation.TestCustomerCancel" name="test_cancel_packed_order" time="0.663" /><testcase classname="tests.backend_test.TestCart" name="test_quote_basic" time="0.216" /><testcase classname="tests.test_cancellation.TestCustomerCancel" name="test_cancel_shipped_blocked" time="0.279" /><testcase classname="tests.backend_test.TestCart" name="test_quote_cod_fee" time="0.139" /><testcase classname="tests.backend_test.TestCart" name="test_quote_welcome10" time="0.146" /><testcase classname="tests.test_cancellation.TestCustomerCancel" name="test_cancel_delivered_blocked" time="0.503" /><testcase classname="tests.backend_test.TestCart" name="test_quote_invalid_coupon" time="0.122" /><testcase classname="tests.test_cancellation.TestCustomerCancel" name="test_double_cancel_returns_400" time="0.345" /><testcase classname="tests.test_payments.TestRazorpayDisabled" name="test_create_order_returns_503" time="0.518" /><testcase classname="tests.test_payments.TestRazorpayDisabled" name="test_verify_requires_auth" time="0.154" /><testcase classname="tests.test_payments.TestRazorpayDisabled" name="test_verify_authed_returns_503" time="0.046" /><testcase classname="tests.test_cancellation.TestAuthorization" name="test_unauth_cancel_401" time="0.125" /><testcase classname="tests.test_payments.TestRazorpayDisabled" name="test_webhook_returns_503" time="0.147" /><testcase classname="tests.test_cancellation.TestAuthorization" name="test_cross_customer_cancel_404" time="1.147" /><testcase classname="tests.test_payments.TestAwaitingPaymentHidden" name="test_hidden_from_customer_orders" time="0.692" /><testcase classname="tests.test_payments.TestAwaitingPaymentHidden" name="test_hidden_from_admin_stats_revenue" time="1.358"><failure message="AssertionError: revenue changed: 89912.0 vs 92560.0&#10;assert 89912.0 == 92560.0">backend/tests/test_payments.py:176: in test_hidden_from_admin_stats_revenue
    assert stats_with["revenue"] == stats_without["revenue"], (
E   AssertionError: revenue changed: 89912.0 vs 92560.0
E   assert 89912.0 == 92560.0</failure></testcase><testcase classname="tests.test_cancellation.TestAuthorization" name="test_admin_can_cancel_any" time="0.275" /><testcase classname="tests.backend_test.TestOrders" name="test_create_order_cod_and_admin_status" time="0.425" /><testcase classname="tests.backend_test.TestOrders" name="test_create_order_unauthenticated" time="0.152" /><testcase classname="tests.test_payments.TestAwaitingPaymentHidden" name="test_hidden_from_gst_report" time="0.688" /><testcase classname="tests.test_payments.TestOrdersCodOnly" name="test_orders_online_rejected" time="0.598" /><testcase classname="tests.test_payments.TestOrdersCodOnly" name="test_orders_cod_still_works" time="0.101" /><testcase classname="tests.backend_test.TestWishlist" name="test_toggle_and_list" time="0.644" /><testcase classname="tests.test_cancellation.TestStockRestoration" name="test_stock_restored_on_cancel" time="1.355" /><testcase classname="tests.test_cancellation.TestRefundMarking" name="test_paid_order_marked_refund_pending" time="1.347" /><testcase classname="tests.test_payments.TestPaymentConfig" name="test_config_when_keys_empty" time="0.206" /><testcase classname="tests.test_cancellation.TestStockRestoration" name="test_adjust_stock_clamps_at_zero" time="2.034" /></testsuite></testsuites>