<?xml version="1.0" encoding="utf-8"?><testsuites name="pytest tests"><testsuite name="pytest" errors="0" failures="0" skipped="0" tests="39" time="5.484" timestamp="2026-08-13T12:50:25.483579+00:00" hostname="agent-env-46ea6a0e-1a75-4819-95fa-20f0bf3a2f8d"><testcase classname="tests.backend_test.TestCatalog" name="test_categories" time="0.384" /><testcase classname="tests.backend_test.TestAdmin" name="test_stats" time="0.445" /><testcase classname="tests.backend_test.TestCatalog" name="test_products_list" time="0.069" /><testcase classname="tests.backend_test.TestCatalog" name="test_products_filter_and_sort" time="0.080" /><testcase classname="tests.backend_test.TestCatalog" name="test_products_search" time="0.259" /><testcase classname="tests.backend_test.TestAdmin" name="test_admin_customer_forbidden" time="0.457" /><testcase classname="tests.backend_test.TestCatalog" name="test_product_detail" time="0.155" /><testcase classname="tests.backend_test.TestAdmin" name="test_admin_unauthenticated" time="0.109" /><testcase classname="tests.backend_test.TestCatalog" name="test_product_detail_404" time="0.070" /><testcase classname="tests.backend_test.TestAdmin" name="test_product_crud" time="0.526" /><testcase classname="tests.backend_test.TestCatalog" name="test_featured_reviews" time="0.076" /><testcase classname="tests.backend_test.TestCatalog" name="test_settings" time="0.065" /><testcase classname="tests.backend_test.TestCatalog" name="test_newsletter_ok" time="0.080" /><testcase classname="tests.backend_test.TestCatalog" name="test_newsletter_bad_email" time="0.081" /><testcase classname="tests.backend_test.TestCatalog" name="test_pincode_valid" time="0.074" /><testcase classname="tests.backend_test.TestCatalog" name="test_pincode_invalid" time="0.188" /><testcase classname="tests.backend_test.TestAdmin" name="test_coupon_create" time="0.387" /><testcase classname="tests.backend_test.TestAdmin" name="test_settings_update" time="0.101" /><testcase classname="tests.backend_test.TestJwtAuth" name="test_admin_login_and_me" time="0.586" /><testcase classname="tests.backend_test.TestAdmin" name="test_gst_report" time="0.060" /><testcase classname="tests.backend_test.TestAdmin" name="test_admin_customers_no_objectid" time="0.068" /><testcase classname="tests.backend_test.TestGoogleSession" name="test_session_exchange_invalid" time="0.203" /><testcase classname="tests.backend_test.TestGoogleSession" name="test_session_exchange_missing" time="0.250" /><testcase classname="tests.backend_test.TestJwtAuth" name="test_customer_login_and_me" time="0.518" /><testcase classname="tests.backend_test.TestJwtAuth" name="test_login_bad_credentials" time="0.607" /><testcase classname="tests.backend_test.TestGoogleSession" name="test_seeded_session_cookie_auth" time="0.689" /><testcase classname="tests.backend_test.TestJwtAuth" name="test_register_new" time="0.343" /><testcase classname="tests.backend_test.TestGoogleSession" name="test_seeded_session_bearer_auth" time="0.339" /><testcase classname="tests.backend_test.TestGoogleSession" name="test_protected_route_with_session" time="0.257" /><testcase classname="tests.backend_test.TestJwtAuth" name="test_register_duplicate_email" time="0.126" /><testcase classname="tests.backend_test.TestJwtAuth" name="test_me_unauthenticated" time="0.106" /><testcase classname="tests.backend_test.TestOrders" name="test_create_order_cod_and_admin_status" time="0.442" /><testcase classname="tests.backend_test.TestGoogleSession" name="test_logout_deletes_session" time="0.268" /><testcase classname="tests.backend_test.TestCart" name="test_quote_basic" time="0.245" /><testcase classname="tests.backend_test.TestOrders" name="test_create_order_unauthenticated" time="0.167" /><testcase classname="tests.backend_test.TestCart" name="test_quote_cod_fee" time="0.129" /><testcase classname="tests.backend_test.TestWishlist" name="test_toggle_and_list" time="0.435" /><testcase classname="tests.backend_test.TestCart" name="test_quote_welcome10" time="0.110" /><testcase classname="tests.backend_test.TestCart" name="test_quote_invalid_coupon" time="0.114" /></testsuite></testsuites>